{"name": "test_add_cart[standard_user-secret_sauce-ValidUsernameValidPassword-Products]", "status": "broken", "statusDetails": {"message": "selenium.common.exceptions.NoSuchElementException: Message: no such element: Unable to locate element: {\"method\":\"css selector\",\"selector\":\".shopping_cart_badge\"}\n  (Session info: chrome=138.0.7204.184); For documentation on this error, please visit: https://www.selenium.dev/documentation/webdriver/troubleshooting/errors#nosuchelementexception\nStacktrace:\n\tGetHandleVerifier [0x0xc3ba83+63395]\n\tGetHandleVerifier [0x0xc3bac4+63460]\n\t(No symbol) [0x0xa82113]\n\t(No symbol) [0x0xaca85e]\n\t(No symbol) [0x0xacabfb]\n\t(No symbol) [0x0xb12f92]\n\t(No symbol) [0x0xaef3f4]\n\t(No symbol) [0x0xb107ba]\n\t(No symbol) [0x0xaef1a6]\n\t(No symbol) [0x0xabe7b2]\n\t(No symbol) [0x0xabf654]\n\tGetHandleVerifier [0x0xeb8883+2672035]\n\tGetHandleVerifier [0x0xeb3cba+2652634]\n\tGetHandleVerifier [0x0xc62bca+223466]\n\tGetHandleVerifier [0x0xc52cb8+158168]\n\tGetHandleVerifier [0x0xc5978d+185517]\n\tGetHandleVerifier [0x0xc43b78+96408]\n\tGetHandleVerifier [0x0xc43d02+96802]\n\tGetHandleVerifier [0x0xc2e90a+9770]\n\t(No symbol) [0x0x75df6839]\n\tRtlGetFullPathName_UEx [0x0x7782906f+1215]\n\tRtlGetFullPathName_UEx [0x0x7782903d+1165]", "trace": "self = <TestScripts.test_add_to_cart.TestAddToCart object at 0x000001AB53342E90>\nsetup_browser = <selenium.webdriver.chrome.webdriver.WebDriver (session=\"e369a232345775d4bc8bd57b728e0ce9\")>, username = 'standard_user'\npassword = 'secret_sauce', test_type = 'ValidUsernameValidPassword', expected = 'Products'\n\n    @allure.feature(\"Add to cart Feature\")\n    @allure.story(\"Validate add to cart\")\n    @pytest.mark.parametrize(\"username,password,test_type,expected\", cart_data)\n    def test_add_cart(self,setup_browser,username,password,test_type,expected):\n            driver = setup_browser\n            assert HomePage1(driver).login(username, password, test_type,expected) == True\n>           assert ProductPage1(driver).add_item_to_cart() == True\n                   ^^^^^^^^^^^^^^^^^^^^^^^^^^^^^^^^^^^^^^^\n\nTestScripts\\test_add_to_cart.py:24: \n_ _ _ _ _ _ _ _ _ _ _ _ _ _ _ _ _ _ _ _ _ _ _ _ _ _ _ _ _ _ _ _ _ _ _ _ _ _ _ _ _ _ _ _ _ _ _ _ _ _ _ _ _ _ _ _ _ _ _ _ _ _ _ _ _ _ _ _ _ _ _ _ _ _\nPageObjects\\ProductPage.py:26: in add_item_to_cart\n    raise e\nPageObjects\\ProductPage.py:19: in add_item_to_cart\n    cart_number = self.driver.find_element(By.CLASS_NAME,value=SauceDemoLocators.cart_badge).text\n                  ^^^^^^^^^^^^^^^^^^^^^^^^^^^^^^^^^^^^^^^^^^^^^^^^^^^^^^^^^^^^^^^^^^^^^^^^^^\n.venv\\Lib\\site-packages\\selenium\\webdriver\\remote\\webdriver.py:922: in find_element\n    return self.execute(Command.FIND_ELEMENT, {\"using\": by, \"value\": value})[\"value\"]\n           ^^^^^^^^^^^^^^^^^^^^^^^^^^^^^^^^^^^^^^^^^^^^^^^^^^^^^^^^^^^^^^^^^\n.venv\\Lib\\site-packages\\selenium\\webdriver\\remote\\webdriver.py:454: in execute\n    self.error_handler.check_response(response)\n_ _ _ _ _ _ _ _ _ _ _ _ _ _ _ _ _ _ _ _ _ _ _ _ _ _ _ _ _ _ _ _ _ _ _ _ _ _ _ _ _ _ _ _ _ _ _ _ _ _ _ _ _ _ _ _ _ _ _ _ _ _ _ _ _ _ _ _ _ _ _ _ _ _\n\nself = <selenium.webdriver.remote.errorhandler.ErrorHandler object at 0x000001AB535ED6A0>\nresponse = {'status': 404, 'value': '{\"value\":{\"error\":\"no such element\",\"message\":\"no such element: Unable to locate element: {\\... [0x0x75df6839]\\\\n\\\\tRtlGetFullPathName_UEx [0x0x7782906f+1215]\\\\n\\\\tRtlGetFullPathName_UEx [0x0x7782903d+1165]\\\\n\"}}'}\n\n    def check_response(self, response: dict[str, Any]) -> None:\n        \"\"\"Checks that a JSON response from the WebDriver does not have an\n        error.\n    \n        :Args:\n         - response - The JSON response from the WebDriver server as a dictionary\n           object.\n    \n        :Raises: If the response contains an error message.\n        \"\"\"\n        status = response.get(\"status\", None)\n        if not status or status == ErrorCode.SUCCESS:\n            return\n        value = None\n        message = response.get(\"message\", \"\")\n        screen: str = response.get(\"screen\", \"\")\n        stacktrace = None\n        if isinstance(status, int):\n            value_json = response.get(\"value\", None)\n            if value_json and isinstance(value_json, str):\n                try:\n                    value = json.loads(value_json)\n                    if isinstance(value, dict):\n                        if len(value) == 1:\n                            value = value[\"value\"]\n                        status = value.get(\"error\", None)\n                        if not status:\n                            status = value.get(\"status\", ErrorCode.UNKNOWN_ERROR)\n                            message = value.get(\"value\") or value.get(\"message\")\n                            if not isinstance(message, str):\n                                value = message\n                                message = message.get(\"message\")\n                        else:\n                            message = value.get(\"message\", None)\n                except ValueError:\n                    pass\n    \n        exception_class: type[WebDriverException]\n        e = ErrorCode()\n        error_codes = [item for item in dir(e) if not item.startswith(\"__\")]\n        for error_code in error_codes:\n            error_info = getattr(ErrorCode, error_code)\n            if isinstance(error_info, list) and status in error_info:\n                exception_class = getattr(ExceptionMapping, error_code, WebDriverException)\n                break\n        else:\n            exception_class = WebDriverException\n    \n        if not value:\n            value = response[\"value\"]\n        if isinstance(value, str):\n            raise exception_class(value)\n        if message == \"\" and \"message\" in value:\n            message = value[\"message\"]\n    \n        screen = None  # type: ignore[assignment]\n        if \"screen\" in value:\n            screen = value[\"screen\"]\n    \n        stacktrace = None\n        st_value = value.get(\"stackTrace\") or value.get(\"stacktrace\")\n        if st_value:\n            if isinstance(st_value, str):\n                stacktrace = st_value.split(\"\\n\")\n            else:\n                stacktrace = []\n                try:\n                    for frame in st_value:\n                        line = frame.get(\"lineNumber\", \"\")\n                        file = frame.get(\"fileName\", \"<anonymous>\")\n                        if line:\n                            file = f\"{file}:{line}\"\n                        meth = frame.get(\"methodName\", \"<anonymous>\")\n                        if \"className\" in frame:\n                            meth = f\"{frame['className']}.{meth}\"\n                        msg = \"    at %s (%s)\"\n                        msg = msg % (meth, file)\n                        stacktrace.append(msg)\n                except TypeError:\n                    pass\n        if exception_class == UnexpectedAlertPresentException:\n            alert_text = None\n            if \"data\" in value:\n                alert_text = value[\"data\"].get(\"text\")\n            elif \"alert\" in value:\n                alert_text = value[\"alert\"].get(\"text\")\n            raise exception_class(message, screen, stacktrace, alert_text)  # type: ignore[call-arg]  # mypy is not smart enough here\n>       raise exception_class(message, screen, stacktrace)\nE       selenium.common.exceptions.NoSuchElementException: Message: no such element: Unable to locate element: {\"method\":\"css selector\",\"selector\":\".shopping_cart_badge\"}\nE         (Session info: chrome=138.0.7204.184); For documentation on this error, please visit: https://www.selenium.dev/documentation/webdriver/troubleshooting/errors#nosuchelementexception\nE       Stacktrace:\nE       \tGetHandleVerifier [0x0xc3ba83+63395]\nE       \tGetHandleVerifier [0x0xc3bac4+63460]\nE       \t(No symbol) [0x0xa82113]\nE       \t(No symbol) [0x0xaca85e]\nE       \t(No symbol) [0x0xacabfb]\nE       \t(No symbol) [0x0xb12f92]\nE       \t(No symbol) [0x0xaef3f4]\nE       \t(No symbol) [0x0xb107ba]\nE       \t(No symbol) [0x0xaef1a6]\nE       \t(No symbol) [0x0xabe7b2]\nE       \t(No symbol) [0x0xabf654]\nE       \tGetHandleVerifier [0x0xeb8883+2672035]\nE       \tGetHandleVerifier [0x0xeb3cba+2652634]\nE       \tGetHandleVerifier [0x0xc62bca+223466]\nE       \tGetHandleVerifier [0x0xc52cb8+158168]\nE       \tGetHandleVerifier [0x0xc5978d+185517]\nE       \tGetHandleVerifier [0x0xc43b78+96408]\nE       \tGetHandleVerifier [0x0xc43d02+96802]\nE       \tGetHandleVerifier [0x0xc2e90a+9770]\nE       \t(No symbol) [0x0x75df6839]\nE       \tRtlGetFullPathName_UEx [0x0x7782906f+1215]\nE       \tRtlGetFullPathName_UEx [0x0x7782903d+1165]\n\n.venv\\Lib\\site-packages\\selenium\\webdriver\\remote\\errorhandler.py:232: NoSuchElementException"}, "steps": [{"name": "Login with username: 'standard_user' and password: 'secret_sauce'", "status": "passed", "steps": [{"name": "Take screenshot and attach to Allure report", "status": "passed", "attachments": [{"name": "After successful login", "source": "9bbf41ac-3015-4e96-ac94-d026d093856c-attachment.png", "type": "image/png"}], "parameters": [{"name": "driver", "value": "<selenium.webdriver.chrome.webdriver.WebDriver (session=\"e369a232345775d4bc8bd57b728e0ce9\")>"}, {"name": "step_name", "value": "'After successful login'"}], "start": 1754553379772, "stop": 1754553380185}], "parameters": [{"name": "username", "value": "'standard_user'"}, {"name": "password", "value": "'secret_sauce'"}, {"name": "test_type", "value": "'ValidUsernameValidPassword'"}, {"name": "expected", "value": "'Products'"}], "start": 1754553379025, "stop": 1754553380185}, {"name": "Adding items to cart", "status": "broken", "statusDetails": {"message": "selenium.common.exceptions.NoSuchElementException: Message: no such element: Unable to locate element: {\"method\":\"css selector\",\"selector\":\".shopping_cart_badge\"}\n  (Session info: chrome=138.0.7204.184); For documentation on this error, please visit: https://www.selenium.dev/documentation/webdriver/troubleshooting/errors#nosuchelementexception\nStacktrace:\n\tGetHandleVerifier [0x0xc3ba83+63395]\n\tGetHandleVerifier [0x0xc3bac4+63460]\n\t(No symbol) [0x0xa82113]\n\t(No symbol) [0x0xaca85e]\n\t(No symbol) [0x0xacabfb]\n\t(No symbol) [0x0xb12f92]\n\t(No symbol) [0x0xaef3f4]\n\t(No symbol) [0x0xb107ba]\n\t(No symbol) [0x0xaef1a6]\n\t(No symbol) [0x0xabe7b2]\n\t(No symbol) [0x0xabf654]\n\tGetHandleVerifier [0x0xeb8883+2672035]\n\tGetHandleVerifier [0x0xeb3cba+2652634]\n\tGetHandleVerifier [0x0xc62bca+223466]\n\tGetHandleVerifier [0x0xc52cb8+158168]\n\tGetHandleVerifier [0x0xc5978d+185517]\n\tGetHandleVerifier [0x0xc43b78+96408]\n\tGetHandleVerifier [0x0xc43d02+96802]\n\tGetHandleVerifier [0x0xc2e90a+9770]\n\t(No symbol) [0x0x75df6839]\n\tRtlGetFullPathName_UEx [0x0x7782906f+1215]\n\tRtlGetFullPathName_UEx [0x0x7782903d+1165]\n\n", "trace": "  File \"C:\\Users\\Digital Suppliers\\PycharmProjects\\SauceLabDemo\\.venv\\Lib\\site-packages\\allure_commons\\_allure.py\", line 202, in impl\n    return func(*a, **kw)\n  File \"C:\\Users\\Digital Suppliers\\PycharmProjects\\SauceLabDemo\\PageObjects\\ProductPage.py\", line 26, in add_item_to_cart\n    raise e\n  File \"C:\\Users\\Digital Suppliers\\PycharmProjects\\SauceLabDemo\\PageObjects\\ProductPage.py\", line 19, in add_item_to_cart\n    cart_number = self.driver.find_element(By.CLASS_NAME,value=SauceDemoLocators.cart_badge).text\n                  ~~~~~~~~~~~~~~~~~~~~~~~~^^^^^^^^^^^^^^^^^^^^^^^^^^^^^^^^^^^^^^^^^^^^^^^^^^\n  File \"C:\\Users\\Digital Suppliers\\PycharmProjects\\SauceLabDemo\\.venv\\Lib\\site-packages\\selenium\\webdriver\\remote\\webdriver.py\", line 922, in find_element\n    return self.execute(Command.FIND_ELEMENT, {\"using\": by, \"value\": value})[\"value\"]\n           ~~~~~~~~~~~~^^^^^^^^^^^^^^^^^^^^^^^^^^^^^^^^^^^^^^^^^^^^^^^^^^^^^\n  File \"C:\\Users\\Digital Suppliers\\PycharmProjects\\SauceLabDemo\\.venv\\Lib\\site-packages\\selenium\\webdriver\\remote\\webdriver.py\", line 454, in execute\n    self.error_handler.check_response(response)\n    ~~~~~~~~~~~~~~~~~~~~~~~~~~~~~~~~~^^^^^^^^^^\n  File \"C:\\Users\\Digital Suppliers\\PycharmProjects\\SauceLabDemo\\.venv\\Lib\\site-packages\\selenium\\webdriver\\remote\\errorhandler.py\", line 232, in check_response\n    raise exception_class(message, screen, stacktrace)\n"}, "steps": [{"name": "Take screenshot and attach to Allure report", "status": "passed", "attachments": [{"name": "Exception_AddToCart", "source": "186fdb29-8538-4f77-93bc-af2ed6151020-attachment.png", "type": "image/png"}], "parameters": [{"name": "driver", "value": "<selenium.webdriver.chrome.webdriver.WebDriver (session=\"e369a232345775d4bc8bd57b728e0ce9\")>"}, {"name": "step_name", "value": "'Exception_AddToCart'"}], "start": 1754553400602, "stop": 1754553401361}], "start": 1754553380185, "stop": 1754553401361}], "parameters": [{"name": "username", "value": "'standard_user'"}, {"name": "password", "value": "'secret_sauce'"}, {"name": "test_type", "value": "'ValidUsernameValidPassword'"}, {"name": "expected", "value": "'Products'"}], "start": 1754553379025, "stop": 1754553401374, "uuid": "bdf81ee4-be5d-4932-963e-bf3625925267", "historyId": "ab7f961aaa66fc1a72c10259eecc4673", "testCaseId": "27730b4347d2d00b1b9a8f428bdb266a", "fullName": "TestScripts.test_add_to_cart.TestAddToCart#test_add_cart", "labels": [{"name": "feature", "value": "Add to cart Feature"}, {"name": "story", "value": "Validate add to cart"}, {"name": "parentSuite", "value": "TestScripts"}, {"name": "suite", "value": "test_add_to_cart"}, {"name": "subSuite", "value": "TestAddToCart"}, {"name": "host", "value": "DESKTOP-JCSH58D"}, {"name": "thread", "value": "956-MainThread"}, {"name": "framework", "value": "pytest"}, {"name": "language", "value": "cpython3"}, {"name": "package", "value": "TestScripts.test_add_to_cart"}], "titlePath": ["TestScripts", "test_add_to_cart.py", "TestAddToCart"]}