{"name": "test_valid_login[test_user-test-InvalidUsernameInvalidPassword-Epic sadface: Username and password do not match any user in this service]", "status": "failed", "statusDetails": {"message": "AssertionError: assert None == True\n +  where None = login('test_user', 'test', 'InvalidUsernameInvalidPassword', 'Epic sadface: Username and password do not match any user in this service')\n +    where login = <PageObjects.HomePage.HomePage1 object at 0x0000026929CB2190>.login\n +      where <PageObjects.HomePage.HomePage1 object at 0x0000026929CB2190> = HomePage1(<selenium.webdriver.chrome.webdriver.WebDriver (session=\"574f3fa5c10e43a8e238423d539705b4\")>)", "trace": "self = <TestScripts.test_login.TestLogin object at 0x000002692992BBB0>\nsetup_browser = <selenium.webdriver.chrome.webdriver.WebDriver (session=\"574f3fa5c10e43a8e238423d539705b4\")>, username = 'test_user'\npassword = 'test', test_type = 'InvalidUsernameInvalidPassword'\nexpected = 'Epic sadface: Username and password do not match any user in this service'\n\n    @allure.feature(\"Login Feature\")\n    @allure.story(\"Valid Login Test\")\n    @pytest.mark.parametrize(\"username,password,test_type,expected\", login_data)\n    def test_valid_login(self,setup_browser,username,password,test_type,expected):\n            driver = setup_browser\n>           assert HomePage1(driver).login(username, password, test_type,expected) == True\nE           assert None == True\nE            +  where None = login('test_user', 'test', 'InvalidUsernameInvalidPassword', 'Epic sadface: Username and password do not match any user in this service')\nE            +    where login = <PageObjects.HomePage.HomePage1 object at 0x0000026929CB2190>.login\nE            +      where <PageObjects.HomePage.HomePage1 object at 0x0000026929CB2190> = HomePage1(<selenium.webdriver.chrome.webdriver.WebDriver (session=\"574f3fa5c10e43a8e238423d539705b4\")>)\n\nTestScripts\\test_login.py:26: AssertionError"}, "steps": [{"name": "Login with username: 'test_user' and password: 'test'", "status": "passed", "parameters": [{"name": "username", "value": "'test_user'"}, {"name": "password", "value": "'test'"}, {"name": "test_type", "value": "'InvalidUsernameInvalidPassword'"}, {"name": "expected", "value": "'Epic sadface: Username and password do not match any user in this service'"}], "start": 1754544117454, "stop": 1754544118068}], "parameters": [{"name": "username", "value": "'test_user'"}, {"name": "password", "value": "'test'"}, {"name": "test_type", "value": "'InvalidUsernameInvalidPassword'"}, {"name": "expected", "value": "'Epic sadface: Username and password do not match any user in this service'"}], "start": 1754544117454, "stop": 1754544118068, "uuid": "7f36dd0b-e942-4557-8a14-06b1dff53e95", "historyId": "03711a6a41dbb67bfdb34f69dce126b8", "testCaseId": "8d14c588829e4629f975430b724820b0", "fullName": "TestScripts.test_login.TestLogin#test_valid_login", "labels": [{"name": "feature", "value": "Login Feature"}, {"name": "story", "value": "Valid Login Test"}, {"name": "parentSuite", "value": "TestScripts"}, {"name": "suite", "value": "test_login"}, {"name": "subSuite", "value": "TestLogin"}, {"name": "host", "value": "DESKTOP-JCSH58D"}, {"name": "thread", "value": "5528-MainThread"}, {"name": "framework", "value": "pytest"}, {"name": "language", "value": "cpython3"}, {"name": "package", "value": "TestScripts.test_login"}], "titlePath": ["TestScripts", "test_login.py", "TestLogin"]}