{"name": "test_add_cart[standard_user-secret_sauce-ValidUsernameValidPassword-Products]", "status": "failed", "statusDetails": {"message": "AssertionError", "trace": "self = <TestScripts.test_add_to_cart.TestLogin object at 0x0000028AFFF82FD0>\nsetup_browser = <selenium.webdriver.chrome.webdriver.WebDriver (session=\"167ff93f5ce256b159b5d4dbf5ce2b12\")>, username = 'standard_user'\npassword = 'secret_sauce', test_type = 'ValidUsernameValidPassword', expected = 'Products'\n\n    @allure.feature(\"Add to cart Feature\")\n    @allure.story(\"Validate add to cart\")\n    @pytest.mark.parametrize(\"username,password,test_type,expected\", cart_data)\n    def test_add_cart(self,setup_browser,username,password,test_type,expected):\n            driver = setup_browser\n            assert HomePage1(driver).login(username, password, test_type,expected) == True\n>           assert ProductPage1(driver).add_item_to_cart() == True\n                   ^^^^^^^^^^^^^^^^^^^^^^^^^^^^^^^^^^^^^^^\n\nTestScripts\\test_add_to_cart.py:24: \n_ _ _ _ _ _ _ _ _ _ _ _ _ _ _ _ _ _ _ _ _ _ _ _ _ _ _ _ _ _ _ _ _ _ _ _ _ _ _ _ _ _ _ _ _ _ _ _ _ _ _ _ _ _ _ _ _ _ _ _ _ _ _ _ _ _ _ _ _ _ _ _ _ _\nPageObjects\\ProductPage.py:25: in add_item_to_cart\n    raise e\n_ _ _ _ _ _ _ _ _ _ _ _ _ _ _ _ _ _ _ _ _ _ _ _ _ _ _ _ _ _ _ _ _ _ _ _ _ _ _ _ _ _ _ _ _ _ _ _ _ _ _ _ _ _ _ _ _ _ _ _ _ _ _ _ _ _ _ _ _ _ _ _ _ _\n\nself = <PageObjects.ProductPage.ProductPage1 object at 0x0000028A80250980>\n\n    @allure.step(\"Adding items to cart\")\n    def add_item_to_cart(self):\n    \n        try:\n            self.driver.find_element(By.XPATH,value=SauceDemoLocators.add_item1).click()\n            self.driver.find_element(By.XPATH, value=SauceDemoLocators.add_item2).click()\n            self.driver.find_element(By.XPATH, value=SauceDemoLocators.add_item3).click()\n            cart_number = self.driver.find_element(By.CLASS_NAME,value=SauceDemoLocators.cart_badge).text\n>           assert cart_number == 3\n                   ^^^^^^^^^^^^^^^^\nE           AssertionError\n\nPageObjects\\ProductPage.py:20: AssertionError"}, "steps": [{"name": "Login with username: 'standard_user' and password: 'secret_sauce'", "status": "passed", "steps": [{"name": "Take screenshot and attach to Allure report", "status": "passed", "attachments": [{"name": "After successful login", "source": "706f1e8b-dc0f-44a6-9620-ce01c679ad5d-attachment.png", "type": "image/png"}], "parameters": [{"name": "driver", "value": "<selenium.webdriver.chrome.webdriver.WebDriver (session=\"167ff93f5ce256b159b5d4dbf5ce2b12\")>"}, {"name": "step_name", "value": "'After successful login'"}], "start": 1754552995371, "stop": 1754552995754}], "parameters": [{"name": "username", "value": "'standard_user'"}, {"name": "password", "value": "'secret_sauce'"}, {"name": "test_type", "value": "'ValidUsernameValidPassword'"}, {"name": "expected", "value": "'Products'"}], "start": 1754552994715, "stop": 1754552995754}, {"name": "Adding items to cart", "status": "failed", "statusDetails": {"message": "AssertionError\n", "trace": "  File \"C:\\Users\\Digital Suppliers\\PycharmProjects\\SauceLabDemo\\.venv\\Lib\\site-packages\\allure_commons\\_allure.py\", line 202, in impl\n    return func(*a, **kw)\n  File \"C:\\Users\\Digital Suppliers\\PycharmProjects\\SauceLabDemo\\PageObjects\\ProductPage.py\", line 25, in add_item_to_cart\n    raise e\n  File \"C:\\Users\\Digital Suppliers\\PycharmProjects\\SauceLabDemo\\PageObjects\\ProductPage.py\", line 20, in add_item_to_cart\n    assert cart_number == 3\n           ^^^^^^^^^^^^^^^^\n"}, "steps": [{"name": "Take screenshot and attach to Allure report", "status": "passed", "attachments": [{"name": "Exception_AddToCart", "source": "e8dbdc8d-966e-437b-930e-89ee8082f6f0-attachment.png", "type": "image/png"}], "parameters": [{"name": "driver", "value": "<selenium.webdriver.chrome.webdriver.WebDriver (session=\"167ff93f5ce256b159b5d4dbf5ce2b12\")>"}, {"name": "step_name", "value": "'Exception_AddToCart'"}], "start": 1754552996079, "stop": 1754552996301}], "start": 1754552995754, "stop": 1754552996301}], "parameters": [{"name": "username", "value": "'standard_user'"}, {"name": "password", "value": "'secret_sauce'"}, {"name": "test_type", "value": "'ValidUsernameValidPassword'"}, {"name": "expected", "value": "'Products'"}], "start": 1754552994715, "stop": 1754552996303, "uuid": "8d9566cb-4c34-41fb-8016-06adac461b18", "historyId": "18cd9277f4f90b410229bce441d18286", "testCaseId": "772e76a398078b8382005d542a241712", "fullName": "TestScripts.test_add_to_cart.TestLogin#test_add_cart", "labels": [{"name": "feature", "value": "Add to cart Feature"}, {"name": "story", "value": "Validate add to cart"}, {"name": "parentSuite", "value": "TestScripts"}, {"name": "suite", "value": "test_add_to_cart"}, {"name": "subSuite", "value": "TestLogin"}, {"name": "host", "value": "DESKTOP-JCSH58D"}, {"name": "thread", "value": "25324-MainThread"}, {"name": "framework", "value": "pytest"}, {"name": "language", "value": "cpython3"}, {"name": "package", "value": "TestScripts.test_add_to_cart"}], "titlePath": ["TestScripts", "test_add_to_cart.py", "TestLogin"]}