{"name": "test_valid_login[standard_user-test-ValidUsernameInvalidPassword-Epic sadface: Username and password do not match any user in this service]", "status": "failed", "statusDetails": {"message": "AssertionError: assert None == True\n +  where None = login('standard_user', 'test', 'ValidUsernameInvalidPassword', 'Epic sadface: Username and password do not match any user in this service')\n +    where login = <PageObjects.HomePage.HomePage1 object at 0x000001803FBF3C50>.login\n +      where <PageObjects.HomePage.HomePage1 object at 0x000001803FBF3C50> = HomePage1(<selenium.webdriver.chrome.webdriver.WebDriver (session=\"ed401e15946c99c0efeaf8760d48c14f\")>)", "trace": "self = <TestScripts.test_login.TestLogin object at 0x000001803F89B5C0>\nsetup_browser = <selenium.webdriver.chrome.webdriver.WebDriver (session=\"ed401e15946c99c0efeaf8760d48c14f\")>, username = 'standard_user'\npassword = 'test', test_type = 'ValidUsernameInvalidPassword'\nexpected = 'Epic sadface: Username and password do not match any user in this service'\n\n    @allure.feature(\"Login Feature\")\n    @allure.story(\"Valid Login Test\")\n    @pytest.mark.parametrize(\"username,password,test_type,expected\", login_data)\n    def test_valid_login(self,setup_browser,username,password,test_type,expected):\n            driver = setup_browser\n>           assert HomePage1(driver).login(username, password, test_type,expected) == True\nE           assert None == True\nE            +  where None = login('standard_user', 'test', 'ValidUsernameInvalidPassword', 'Epic sadface: Username and password do not match any user in this service')\nE            +    where login = <PageObjects.HomePage.HomePage1 object at 0x000001803FBF3C50>.login\nE            +      where <PageObjects.HomePage.HomePage1 object at 0x000001803FBF3C50> = HomePage1(<selenium.webdriver.chrome.webdriver.WebDriver (session=\"ed401e15946c99c0efeaf8760d48c14f\")>)\n\nTestScripts\\test_login.py:26: AssertionError"}, "steps": [{"name": "Login with username: 'standard_user' and password: 'test'", "status": "passed", "parameters": [{"name": "username", "value": "'standard_user'"}, {"name": "password", "value": "'test'"}, {"name": "test_type", "value": "'ValidUsernameInvalidPassword'"}, {"name": "expected", "value": "'Epic sadface: Username and password do not match any user in this service'"}], "start": 1754544645008, "stop": 1754544645587}], "parameters": [{"name": "username", "value": "'standard_user'"}, {"name": "password", "value": "'test'"}, {"name": "test_type", "value": "'ValidUsernameInvalidPassword'"}, {"name": "expected", "value": "'Epic sadface: Username and password do not match any user in this service'"}], "start": 1754544645008, "stop": 1754544645587, "uuid": "e8ee4ffe-5371-4a19-b892-f4a6f3662c60", "historyId": "0d509a101cb6ac0ff34affbfda044bf7", "testCaseId": "8d14c588829e4629f975430b724820b0", "fullName": "TestScripts.test_login.TestLogin#test_valid_login", "labels": [{"name": "story", "value": "Valid Login Test"}, {"name": "feature", "value": "Login Feature"}, {"name": "parentSuite", "value": "TestScripts"}, {"name": "suite", "value": "test_login"}, {"name": "subSuite", "value": "TestLogin"}, {"name": "host", "value": "DESKTOP-JCSH58D"}, {"name": "thread", "value": "12384-MainThread"}, {"name": "framework", "value": "pytest"}, {"name": "language", "value": "cpython3"}, {"name": "package", "value": "TestScripts.test_login"}], "titlePath": ["TestScripts", "test_login.py", "TestLogin"]}