{"name": "test_valid_login[standard_user--ValidUsernamBlankPassword-Epic sadface: Password is required]", "status": "failed", "statusDetails": {"message": "AssertionError: assert None == True\n +  where None = login('standard_user', '', 'ValidUsernamBlankPassword', 'Epic sadface: Password is required')\n +    where login = <PageObjects.HomePage.HomePage1 object at 0x000001803FBDE330>.login\n +      where <PageObjects.HomePage.HomePage1 object at 0x000001803FBDE330> = HomePage1(<selenium.webdriver.chrome.webdriver.WebDriver (session=\"2e46d1e26589698213987b8cd0ef914d\")>)", "trace": "self = <TestScripts.test_login.TestLogin object at 0x000001803F955AE0>\nsetup_browser = <selenium.webdriver.chrome.webdriver.WebDriver (session=\"2e46d1e26589698213987b8cd0ef914d\")>, username = 'standard_user'\npassword = '', test_type = 'ValidUsernamBlankPassword', expected = 'Epic sadface: Password is required'\n\n    @allure.feature(\"Login Feature\")\n    @allure.story(\"Valid Login Test\")\n    @pytest.mark.parametrize(\"username,password,test_type,expected\", login_data)\n    def test_valid_login(self,setup_browser,username,password,test_type,expected):\n            driver = setup_browser\n>           assert HomePage1(driver).login(username, password, test_type,expected) == True\nE           assert None == True\nE            +  where None = login('standard_user', '', 'ValidUsernamBlankPassword', 'Epic sadface: Password is required')\nE            +    where login = <PageObjects.HomePage.HomePage1 object at 0x000001803FBDE330>.login\nE            +      where <PageObjects.HomePage.HomePage1 object at 0x000001803FBDE330> = HomePage1(<selenium.webdriver.chrome.webdriver.WebDriver (session=\"2e46d1e26589698213987b8cd0ef914d\")>)\n\nTestScripts\\test_login.py:26: AssertionError"}, "steps": [{"name": "Login with username: 'standard_user' and password: ''", "status": "passed", "parameters": [{"name": "username", "value": "'standard_user'"}, {"name": "password", "value": "''"}, {"name": "test_type", "value": "'ValidUsernamBlankPassword'"}, {"name": "expected", "value": "'Epic sadface: Password is required'"}], "start": 1754544682287, "stop": 1754544682987}], "parameters": [{"name": "username", "value": "'standard_user'"}, {"name": "password", "value": "''"}, {"name": "test_type", "value": "'ValidUsernamBlankPassword'"}, {"name": "expected", "value": "'Epic sadface: Password is required'"}], "start": 1754544682287, "stop": 1754544682988, "uuid": "13b5ff14-5ae2-4b7c-8a83-68b853175e5f", "historyId": "e6fcce1960defb8a3b66473bcfb42844", "testCaseId": "8d14c588829e4629f975430b724820b0", "fullName": "TestScripts.test_login.TestLogin#test_valid_login", "labels": [{"name": "story", "value": "Valid Login Test"}, {"name": "feature", "value": "Login Feature"}, {"name": "parentSuite", "value": "TestScripts"}, {"name": "suite", "value": "test_login"}, {"name": "subSuite", "value": "TestLogin"}, {"name": "host", "value": "DESKTOP-JCSH58D"}, {"name": "thread", "value": "12384-MainThread"}, {"name": "framework", "value": "pytest"}, {"name": "language", "value": "cpython3"}, {"name": "package", "value": "TestScripts.test_login"}], "titlePath": ["TestScripts", "test_login.py", "TestLogin"]}