{"name": "test_valid_login[standard_user--ValidUsernamBlankPassword-Epic sadface: Password is required]", "status": "failed", "statusDetails": {"message": "AssertionError: assert None == True\n +  where None = login('standard_user', '', 'ValidUsernamBlankPassword', 'Epic sadface: Password is required')\n +    where login = <PageObjects.HomePage.HomePage1 object at 0x0000026929C6E7B0>.login\n +      where <PageObjects.HomePage.HomePage1 object at 0x0000026929C6E7B0> = HomePage1(<selenium.webdriver.chrome.webdriver.WebDriver (session=\"40da52ad913ed374a7cedf76b2442088\")>)", "trace": "self = <TestScripts.test_login.TestLogin object at 0x00000269299E1BF0>\nsetup_browser = <selenium.webdriver.chrome.webdriver.WebDriver (session=\"40da52ad913ed374a7cedf76b2442088\")>, username = 'standard_user'\npassword = '', test_type = 'ValidUsernamBlankPassword', expected = 'Epic sadface: Password is required'\n\n    @allure.feature(\"Login Feature\")\n    @allure.story(\"Valid Login Test\")\n    @pytest.mark.parametrize(\"username,password,test_type,expected\", login_data)\n    def test_valid_login(self,setup_browser,username,password,test_type,expected):\n            driver = setup_browser\n>           assert HomePage1(driver).login(username, password, test_type,expected) == True\nE           assert None == True\nE            +  where None = login('standard_user', '', 'ValidUsernamBlankPassword', 'Epic sadface: Password is required')\nE            +    where login = <PageObjects.HomePage.HomePage1 object at 0x0000026929C6E7B0>.login\nE            +      where <PageObjects.HomePage.HomePage1 object at 0x0000026929C6E7B0> = HomePage1(<selenium.webdriver.chrome.webdriver.WebDriver (session=\"40da52ad913ed374a7cedf76b2442088\")>)\n\nTestScripts\\test_login.py:26: AssertionError"}, "steps": [{"name": "Login with username: 'standard_user' and password: ''", "status": "passed", "parameters": [{"name": "username", "value": "'standard_user'"}, {"name": "password", "value": "''"}, {"name": "test_type", "value": "'ValidUsernamBlankPassword'"}, {"name": "expected", "value": "'Epic sadface: Password is required'"}], "start": 1754544139861, "stop": 1754544140421}], "parameters": [{"name": "username", "value": "'standard_user'"}, {"name": "password", "value": "''"}, {"name": "test_type", "value": "'ValidUsernamBlankPassword'"}, {"name": "expected", "value": "'Epic sadface: Password is required'"}], "start": 1754544139860, "stop": 1754544140421, "uuid": "4b6710e1-1af3-4d59-9edb-61edcc3aa597", "historyId": "e6fcce1960defb8a3b66473bcfb42844", "testCaseId": "8d14c588829e4629f975430b724820b0", "fullName": "TestScripts.test_login.TestLogin#test_valid_login", "labels": [{"name": "feature", "value": "Login Feature"}, {"name": "story", "value": "Valid Login Test"}, {"name": "parentSuite", "value": "TestScripts"}, {"name": "suite", "value": "test_login"}, {"name": "subSuite", "value": "TestLogin"}, {"name": "host", "value": "DESKTOP-JCSH58D"}, {"name": "thread", "value": "5528-MainThread"}, {"name": "framework", "value": "pytest"}, {"name": "language", "value": "cpython3"}, {"name": "package", "value": "TestScripts.test_login"}], "titlePath": ["TestScripts", "test_login.py", "TestLogin"]}