{"name": "test_valid_login[standard_user-test-ValidUsernameInvalidPassword-Epic sadface: Username and password do not match any user in this service]", "status": "failed", "statusDetails": {"message": "AssertionError: assert None == True\n +  where None = login('standard_user', 'test', 'ValidUsernameInvalidPassword', 'Epic sadface: Username and password do not match any user in this service')\n +    where login = <PageObjects.HomePage.HomePage1 object at 0x0000026929DB4190>.login\n +      where <PageObjects.HomePage.HomePage1 object at 0x0000026929DB4190> = HomePage1(<selenium.webdriver.chrome.webdriver.WebDriver (session=\"de91c23f684d80397672d3533036037c\")>)", "trace": "self = <TestScripts.test_login.TestLogin object at 0x000002692992B5C0>\nsetup_browser = <selenium.webdriver.chrome.webdriver.WebDriver (session=\"de91c23f684d80397672d3533036037c\")>, username = 'standard_user'\npassword = 'test', test_type = 'ValidUsernameInvalidPassword'\nexpected = 'Epic sadface: Username and password do not match any user in this service'\n\n    @allure.feature(\"Login Feature\")\n    @allure.story(\"Valid Login Test\")\n    @pytest.mark.parametrize(\"username,password,test_type,expected\", login_data)\n    def test_valid_login(self,setup_browser,username,password,test_type,expected):\n            driver = setup_browser\n>           assert HomePage1(driver).login(username, password, test_type,expected) == True\nE           assert None == True\nE            +  where None = login('standard_user', 'test', 'ValidUsernameInvalidPassword', 'Epic sadface: Username and password do not match any user in this service')\nE            +    where login = <PageObjects.HomePage.HomePage1 object at 0x0000026929DB4190>.login\nE            +      where <PageObjects.HomePage.HomePage1 object at 0x0000026929DB4190> = HomePage1(<selenium.webdriver.chrome.webdriver.WebDriver (session=\"de91c23f684d80397672d3533036037c\")>)\n\nTestScripts\\test_login.py:26: AssertionError"}, "steps": [{"name": "Login with username: 'standard_user' and password: 'test'", "status": "passed", "parameters": [{"name": "username", "value": "'standard_user'"}, {"name": "password", "value": "'test'"}, {"name": "test_type", "value": "'ValidUsernameInvalidPassword'"}, {"name": "expected", "value": "'Epic sadface: Username and password do not match any user in this service'"}], "start": 1754544104289, "stop": 1754544105053}], "parameters": [{"name": "username", "value": "'standard_user'"}, {"name": "password", "value": "'test'"}, {"name": "test_type", "value": "'ValidUsernameInvalidPassword'"}, {"name": "expected", "value": "'Epic sadface: Username and password do not match any user in this service'"}], "start": 1754544104288, "stop": 1754544105053, "uuid": "7e32d832-d85e-453a-91d5-f70cbb01f834", "historyId": "0d509a101cb6ac0ff34affbfda044bf7", "testCaseId": "8d14c588829e4629f975430b724820b0", "fullName": "TestScripts.test_login.TestLogin#test_valid_login", "labels": [{"name": "feature", "value": "Login Feature"}, {"name": "story", "value": "Valid Login Test"}, {"name": "parentSuite", "value": "TestScripts"}, {"name": "suite", "value": "test_login"}, {"name": "subSuite", "value": "TestLogin"}, {"name": "host", "value": "DESKTOP-JCSH58D"}, {"name": "thread", "value": "5528-MainThread"}, {"name": "framework", "value": "pytest"}, {"name": "language", "value": "cpython3"}, {"name": "package", "value": "TestScripts.test_login"}], "titlePath": ["TestScripts", "test_login.py", "TestLogin"]}