{"name": "test_add_cart[standard_user-secret_sauce-ValidUsernameValidPassword-Products]", "status": "broken", "statusDetails": {"message": "selenium.common.exceptions.NoSuchElementException: Message: no such element: Unable to locate element: {\"method\":\"xpath\",\"selector\":\"checkout\"}\n  (Session info: chrome=138.0.7204.184); For documentation on this error, please visit: https://www.selenium.dev/documentation/webdriver/troubleshooting/errors#nosuchelementexception\nStacktrace:\n\tGetHandleVerifier [0x0xc3ba83+63395]\n\tGetHandleVerifier [0x0xc3bac4+63460]\n\t(No symbol) [0x0xa82113]\n\t(No symbol) [0x0xaca85e]\n\t(No symbol) [0x0xacabfb]\n\t(No symbol) [0x0xb12f92]\n\t(No symbol) [0x0xaef3f4]\n\t(No symbol) [0x0xb107ba]\n\t(No symbol) [0x0xaef1a6]\n\t(No symbol) [0x0xabe7b2]\n\t(No symbol) [0x0xabf654]\n\tGetHandleVerifier [0x0xeb8883+2672035]\n\tGetHandleVerifier [0x0xeb3cba+2652634]\n\tGetHandleVerifier [0x0xc62bca+223466]\n\tGetHandleVerifier [0x0xc52cb8+158168]\n\tGetHandleVerifier [0x0xc5978d+185517]\n\tGetHandleVerifier [0x0xc43b78+96408]\n\tGetHandleVerifier [0x0xc43d02+96802]\n\tGetHandleVerifier [0x0xc2e90a+9770]\n\t(No symbol) [0x0x75df6839]\n\tRtlGetFullPathName_UEx [0x0x7782906f+1215]\n\tRtlGetFullPathName_UEx [0x0x7782903d+1165]", "trace": "self = <TestScripts.test_checkout.TestCheckout object at 0x0000019AA25B6D50>\nsetup_browser = <selenium.webdriver.chrome.webdriver.WebDriver (session=\"ae8be58885fb87293a8485847c17c6dc\")>, username = 'standard_user'\npassword = 'secret_sauce', test_type = 'ValidUsernameValidPassword', expected = 'Products'\n\n    @pytest.mark.smoke\n    @allure.feature(\"Checkout Feature\")\n    @allure.story(\"Validate Checkout\")\n    @pytest.mark.parametrize(\"username,password,test_type,expected\", cart_data)\n    def test_add_cart(self,setup_browser,username,password,test_type,expected):\n            driver = setup_browser\n            assert HomePage1(driver).login(username, password, test_type,expected) == True\n            assert ProductPage1(driver).add_item_to_cart() == True\n>           assert CartPage1(driver).checkout() == True\n                   ^^^^^^^^^^^^^^^^^^^^^^^^^^^^\n\nTestScripts\\test_checkout.py:27: \n_ _ _ _ _ _ _ _ _ _ _ _ _ _ _ _ _ _ _ _ _ _ _ _ _ _ _ _ _ _ _ _ _ _ _ _ _ _ _ _ _ _ _ _ _ _ _ _ _ _ _ _ _ _ _ _ _ _ _ _ _ _ _ _ _ _ _ _ _ _ _ _ _ _\nPageObjects\\CartPage.py:24: in checkout\n    raise e\nPageObjects\\CartPage.py:16: in checkout\n    self.driver.find_element(By.XPATH,value=SauceDemoLocators.checkout).click()\n    ^^^^^^^^^^^^^^^^^^^^^^^^^^^^^^^^^^^^^^^^^^^^^^^^^^^^^^^^^^^^^^^^^^^\n.venv\\Lib\\site-packages\\selenium\\webdriver\\remote\\webdriver.py:922: in find_element\n    return self.execute(Command.FIND_ELEMENT, {\"using\": by, \"value\": value})[\"value\"]\n           ^^^^^^^^^^^^^^^^^^^^^^^^^^^^^^^^^^^^^^^^^^^^^^^^^^^^^^^^^^^^^^^^^\n.venv\\Lib\\site-packages\\selenium\\webdriver\\remote\\webdriver.py:454: in execute\n    self.error_handler.check_response(response)\n_ _ _ _ _ _ _ _ _ _ _ _ _ _ _ _ _ _ _ _ _ _ _ _ _ _ _ _ _ _ _ _ _ _ _ _ _ _ _ _ _ _ _ _ _ _ _ _ _ _ _ _ _ _ _ _ _ _ _ _ _ _ _ _ _ _ _ _ _ _ _ _ _ _\n\nself = <selenium.webdriver.remote.errorhandler.ErrorHandler object at 0x0000019AA28663C0>\nresponse = {'status': 404, 'value': '{\"value\":{\"error\":\"no such element\",\"message\":\"no such element: Unable to locate element: {\\... [0x0x75df6839]\\\\n\\\\tRtlGetFullPathName_UEx [0x0x7782906f+1215]\\\\n\\\\tRtlGetFullPathName_UEx [0x0x7782903d+1165]\\\\n\"}}'}\n\n    def check_response(self, response: dict[str, Any]) -> None:\n        \"\"\"Checks that a JSON response from the WebDriver does not have an\n        error.\n    \n        :Args:\n         - response - The JSON response from the WebDriver server as a dictionary\n           object.\n    \n        :Raises: If the response contains an error message.\n        \"\"\"\n        status = response.get(\"status\", None)\n        if not status or status == ErrorCode.SUCCESS:\n            return\n        value = None\n        message = response.get(\"message\", \"\")\n        screen: str = response.get(\"screen\", \"\")\n        stacktrace = None\n        if isinstance(status, int):\n            value_json = response.get(\"value\", None)\n            if value_json and isinstance(value_json, str):\n                try:\n                    value = json.loads(value_json)\n                    if isinstance(value, dict):\n                        if len(value) == 1:\n                            value = value[\"value\"]\n                        status = value.get(\"error\", None)\n                        if not status:\n                            status = value.get(\"status\", ErrorCode.UNKNOWN_ERROR)\n                            message = value.get(\"value\") or value.get(\"message\")\n                            if not isinstance(message, str):\n                                value = message\n                                message = message.get(\"message\")\n                        else:\n                            message = value.get(\"message\", None)\n                except ValueError:\n                    pass\n    \n        exception_class: type[WebDriverException]\n        e = ErrorCode()\n        error_codes = [item for item in dir(e) if not item.startswith(\"__\")]\n        for error_code in error_codes:\n            error_info = getattr(ErrorCode, error_code)\n            if isinstance(error_info, list) and status in error_info:\n                exception_class = getattr(ExceptionMapping, error_code, WebDriverException)\n                break\n        else:\n            exception_class = WebDriverException\n    \n        if not value:\n            value = response[\"value\"]\n        if isinstance(value, str):\n            raise exception_class(value)\n        if message == \"\" and \"message\" in value:\n            message = value[\"message\"]\n    \n        screen = None  # type: ignore[assignment]\n        if \"screen\" in value:\n            screen = value[\"screen\"]\n    \n        stacktrace = None\n        st_value = value.get(\"stackTrace\") or value.get(\"stacktrace\")\n        if st_value:\n            if isinstance(st_value, str):\n                stacktrace = st_value.split(\"\\n\")\n            else:\n                stacktrace = []\n                try:\n                    for frame in st_value:\n                        line = frame.get(\"lineNumber\", \"\")\n                        file = frame.get(\"fileName\", \"<anonymous>\")\n                        if line:\n                            file = f\"{file}:{line}\"\n                        meth = frame.get(\"methodName\", \"<anonymous>\")\n                        if \"className\" in frame:\n                            meth = f\"{frame['className']}.{meth}\"\n                        msg = \"    at %s (%s)\"\n                        msg = msg % (meth, file)\n                        stacktrace.append(msg)\n                except TypeError:\n                    pass\n        if exception_class == UnexpectedAlertPresentException:\n            alert_text = None\n            if \"data\" in value:\n                alert_text = value[\"data\"].get(\"text\")\n            elif \"alert\" in value:\n                alert_text = value[\"alert\"].get(\"text\")\n            raise exception_class(message, screen, stacktrace, alert_text)  # type: ignore[call-arg]  # mypy is not smart enough here\n>       raise exception_class(message, screen, stacktrace)\nE       selenium.common.exceptions.NoSuchElementException: Message: no such element: Unable to locate element: {\"method\":\"xpath\",\"selector\":\"checkout\"}\nE         (Session info: chrome=138.0.7204.184); For documentation on this error, please visit: https://www.selenium.dev/documentation/webdriver/troubleshooting/errors#nosuchelementexception\nE       Stacktrace:\nE       \tGetHandleVerifier [0x0xc3ba83+63395]\nE       \tGetHandleVerifier [0x0xc3bac4+63460]\nE       \t(No symbol) [0x0xa82113]\nE       \t(No symbol) [0x0xaca85e]\nE       \t(No symbol) [0x0xacabfb]\nE       \t(No symbol) [0x0xb12f92]\nE       \t(No symbol) [0x0xaef3f4]\nE       \t(No symbol) [0x0xb107ba]\nE       \t(No symbol) [0x0xaef1a6]\nE       \t(No symbol) [0x0xabe7b2]\nE       \t(No symbol) [0x0xabf654]\nE       \tGetHandleVerifier [0x0xeb8883+2672035]\nE       \tGetHandleVerifier [0x0xeb3cba+2652634]\nE       \tGetHandleVerifier [0x0xc62bca+223466]\nE       \tGetHandleVerifier [0x0xc52cb8+158168]\nE       \tGetHandleVerifier [0x0xc5978d+185517]\nE       \tGetHandleVerifier [0x0xc43b78+96408]\nE       \tGetHandleVerifier [0x0xc43d02+96802]\nE       \tGetHandleVerifier [0x0xc2e90a+9770]\nE       \t(No symbol) [0x0x75df6839]\nE       \tRtlGetFullPathName_UEx [0x0x7782906f+1215]\nE       \tRtlGetFullPathName_UEx [0x0x7782903d+1165]\n\n.venv\\Lib\\site-packages\\selenium\\webdriver\\remote\\errorhandler.py:232: NoSuchElementException"}, "steps": [{"name": "Login with username: 'standard_user' and password: 'secret_sauce'", "status": "passed", "steps": [{"name": "Take screenshot and attach to Allure report", "status": "passed", "attachments": [{"name": "After successful login", "source": "3a47faec-ca47-4578-9324-bd7373b63b5c-attachment.png", "type": "image/png"}], "parameters": [{"name": "driver", "value": "<selenium.webdriver.chrome.webdriver.WebDriver (session=\"ae8be58885fb87293a8485847c17c6dc\")>"}, {"name": "step_name", "value": "'After successful login'"}], "start": 1754555276120, "stop": 1754555276319}], "parameters": [{"name": "username", "value": "'standard_user'"}, {"name": "password", "value": "'secret_sauce'"}, {"name": "test_type", "value": "'ValidUsernameValidPassword'"}, {"name": "expected", "value": "'Products'"}], "start": 1754555274908, "stop": 1754555276319}, {"name": "Adding items to cart", "status": "passed", "steps": [{"name": "Take screenshot and attach to Allure report", "status": "passed", "attachments": [{"name": "AddToCart", "source": "b48f660b-2d25-41b9-9f1f-5c47930bee65-attachment.png", "type": "image/png"}], "parameters": [{"name": "driver", "value": "<selenium.webdriver.chrome.webdriver.WebDriver (session=\"ae8be58885fb87293a8485847c17c6dc\")>"}, {"name": "step_name", "value": "'AddToCart'"}], "start": 1754555276721, "stop": 1754555276891}], "start": 1754555276319, "stop": 1754555276891}, {"name": "Checkout", "status": "broken", "statusDetails": {"message": "selenium.common.exceptions.NoSuchElementException: Message: no such element: Unable to locate element: {\"method\":\"xpath\",\"selector\":\"checkout\"}\n  (Session info: chrome=138.0.7204.184); For documentation on this error, please visit: https://www.selenium.dev/documentation/webdriver/troubleshooting/errors#nosuchelementexception\nStacktrace:\n\tGetHandleVerifier [0x0xc3ba83+63395]\n\tGetHandleVerifier [0x0xc3bac4+63460]\n\t(No symbol) [0x0xa82113]\n\t(No symbol) [0x0xaca85e]\n\t(No symbol) [0x0xacabfb]\n\t(No symbol) [0x0xb12f92]\n\t(No symbol) [0x0xaef3f4]\n\t(No symbol) [0x0xb107ba]\n\t(No symbol) [0x0xaef1a6]\n\t(No symbol) [0x0xabe7b2]\n\t(No symbol) [0x0xabf654]\n\tGetHandleVerifier [0x0xeb8883+2672035]\n\tGetHandleVerifier [0x0xeb3cba+2652634]\n\tGetHandleVerifier [0x0xc62bca+223466]\n\tGetHandleVerifier [0x0xc52cb8+158168]\n\tGetHandleVerifier [0x0xc5978d+185517]\n\tGetHandleVerifier [0x0xc43b78+96408]\n\tGetHandleVerifier [0x0xc43d02+96802]\n\tGetHandleVerifier [0x0xc2e90a+9770]\n\t(No symbol) [0x0x75df6839]\n\tRtlGetFullPathName_UEx [0x0x7782906f+1215]\n\tRtlGetFullPathName_UEx [0x0x7782903d+1165]\n\n", "trace": "  File \"C:\\Users\\Digital Suppliers\\PycharmProjects\\SauceLabDemo\\.venv\\Lib\\site-packages\\allure_commons\\_allure.py\", line 202, in impl\n    return func(*a, **kw)\n  File \"C:\\Users\\Digital Suppliers\\PycharmProjects\\SauceLabDemo\\PageObjects\\CartPage.py\", line 24, in checkout\n    raise e\n  File \"C:\\Users\\Digital Suppliers\\PycharmProjects\\SauceLabDemo\\PageObjects\\CartPage.py\", line 16, in checkout\n    self.driver.find_element(By.XPATH,value=SauceDemoLocators.checkout).click()\n    ~~~~~~~~~~~~~~~~~~~~~~~~^^^^^^^^^^^^^^^^^^^^^^^^^^^^^^^^^^^^^^^^^^^\n  File \"C:\\Users\\Digital Suppliers\\PycharmProjects\\SauceLabDemo\\.venv\\Lib\\site-packages\\selenium\\webdriver\\remote\\webdriver.py\", line 922, in find_element\n    return self.execute(Command.FIND_ELEMENT, {\"using\": by, \"value\": value})[\"value\"]\n           ~~~~~~~~~~~~^^^^^^^^^^^^^^^^^^^^^^^^^^^^^^^^^^^^^^^^^^^^^^^^^^^^^\n  File \"C:\\Users\\Digital Suppliers\\PycharmProjects\\SauceLabDemo\\.venv\\Lib\\site-packages\\selenium\\webdriver\\remote\\webdriver.py\", line 454, in execute\n    self.error_handler.check_response(response)\n    ~~~~~~~~~~~~~~~~~~~~~~~~~~~~~~~~~^^^^^^^^^^\n  File \"C:\\Users\\Digital Suppliers\\PycharmProjects\\SauceLabDemo\\.venv\\Lib\\site-packages\\selenium\\webdriver\\remote\\errorhandler.py\", line 232, in check_response\n    raise exception_class(message, screen, stacktrace)\n"}, "steps": [{"name": "Take screenshot and attach to Allure report", "status": "passed", "attachments": [{"name": "Exception_Checkout", "source": "81373f3d-5761-4c88-8428-2ee056cac4d6-attachment.png", "type": "image/png"}], "parameters": [{"name": "driver", "value": "<selenium.webdriver.chrome.webdriver.WebDriver (session=\"ae8be58885fb87293a8485847c17c6dc\")>"}, {"name": "step_name", "value": "'Exception_Checkout'"}], "start": 1754555296953, "stop": 1754555297192}], "start": 1754555276891, "stop": 1754555297192}], "parameters": [{"name": "username", "value": "'standard_user'"}, {"name": "password", "value": "'secret_sauce'"}, {"name": "test_type", "value": "'ValidUsernameValidPassword'"}, {"name": "expected", "value": "'Products'"}], "start": 1754555274908, "stop": 1754555297202, "uuid": "128e3128-d459-4cb9-927a-58ccde8345c1", "historyId": "dc22697cfa5c70951f4703d55fbaa3c9", "testCaseId": "39771f6cd164a6626fb327cc28103ed3", "fullName": "TestScripts.test_checkout.TestCheckout#test_add_cart", "labels": [{"name": "story", "value": "Validate Checkout"}, {"name": "feature", "value": "Checkout Feature"}, {"name": "tag", "value": "smoke"}, {"name": "parentSuite", "value": "TestScripts"}, {"name": "suite", "value": "test_checkout"}, {"name": "subSuite", "value": "TestCheckout"}, {"name": "host", "value": "DESKTOP-JCSH58D"}, {"name": "thread", "value": "19220-MainThread"}, {"name": "framework", "value": "pytest"}, {"name": "language", "value": "cpython3"}, {"name": "package", "value": "TestScripts.test_checkout"}], "titlePath": ["TestScripts", "test_checkout.py", "TestCheckout"]}