{"name": "test_valid_login[standard_user-secret_sauce-ValidUsernameValidPassword-Products]", "status": "failed", "statusDetails": {"message": "AssertionError: assert None == True\n +  where None = login('standard_user', 'secret_sauce', 'ValidUsernameValidPassword', 'Products')\n +    where login = <PageObjects.HomePage.HomePage1 object at 0x000001803FBCC980>.login\n +      where <PageObjects.HomePage.HomePage1 object at 0x000001803FBCC980> = HomePage1(<selenium.webdriver.chrome.webdriver.WebDriver (session=\"f09f26583dbe9671aa09e3305e12534f\")>)", "trace": "self = <TestScripts.test_login.TestLogin object at 0x000001803F947750>\nsetup_browser = <selenium.webdriver.chrome.webdriver.WebDriver (session=\"f09f26583dbe9671aa09e3305e12534f\")>, username = 'standard_user'\npassword = 'secret_sauce', test_type = 'ValidUsernameValidPassword', expected = 'Products'\n\n    @allure.feature(\"Login Feature\")\n    @allure.story(\"Valid Login Test\")\n    @pytest.mark.parametrize(\"username,password,test_type,expected\", login_data)\n    def test_valid_login(self,setup_browser,username,password,test_type,expected):\n            driver = setup_browser\n>           assert HomePage1(driver).login(username, password, test_type,expected) == True\nE           assert None == True\nE            +  where None = login('standard_user', 'secret_sauce', 'ValidUsernameValidPassword', 'Products')\nE            +    where login = <PageObjects.HomePage.HomePage1 object at 0x000001803FBCC980>.login\nE            +      where <PageObjects.HomePage.HomePage1 object at 0x000001803FBCC980> = HomePage1(<selenium.webdriver.chrome.webdriver.WebDriver (session=\"f09f26583dbe9671aa09e3305e12534f\")>)\n\nTestScripts\\test_login.py:26: AssertionError"}, "steps": [{"name": "Login with username: 'standard_user' and password: 'secret_sauce'", "status": "passed", "steps": [{"name": "Take screenshot and attach to Allure report", "status": "passed", "attachments": [{"name": "After successful login", "source": "8a68d4a4-dda2-43d3-92aa-712a5653fabb-attachment.png", "type": "image/png"}], "parameters": [{"name": "driver", "value": "<selenium.webdriver.chrome.webdriver.WebDriver (session=\"f09f26583dbe9671aa09e3305e12534f\")>"}, {"name": "step_name", "value": "'After successful login'"}], "start": 1754544621365, "stop": 1754544621777}], "parameters": [{"name": "username", "value": "'standard_user'"}, {"name": "password", "value": "'secret_sauce'"}, {"name": "test_type", "value": "'ValidUsernameValidPassword'"}, {"name": "expected", "value": "'Products'"}], "start": 1754544620031, "stop": 1754544621777}], "parameters": [{"name": "username", "value": "'standard_user'"}, {"name": "password", "value": "'secret_sauce'"}, {"name": "test_type", "value": "'ValidUsernameValidPassword'"}, {"name": "expected", "value": "'Products'"}], "start": 1754544620030, "stop": 1754544621778, "uuid": "0ccfeffb-d1a1-48fc-a61d-5f48a9a0598a", "historyId": "cb70e7aa3c6c1367d6b2b53c7a383a0b", "testCaseId": "8d14c588829e4629f975430b724820b0", "fullName": "TestScripts.test_login.TestLogin#test_valid_login", "labels": [{"name": "story", "value": "Valid Login Test"}, {"name": "feature", "value": "Login Feature"}, {"name": "parentSuite", "value": "TestScripts"}, {"name": "suite", "value": "test_login"}, {"name": "subSuite", "value": "TestLogin"}, {"name": "host", "value": "DESKTOP-JCSH58D"}, {"name": "thread", "value": "12384-MainThread"}, {"name": "framework", "value": "pytest"}, {"name": "language", "value": "cpython3"}, {"name": "package", "value": "TestScripts.test_login"}], "titlePath": ["TestScripts", "test_login.py", "TestLogin"]}