{"name": "test_valid_login[test_user-secret_sauce-InvalidUsernameValidPassword-Epic sadface: Username and password do not match any user in this service]", "status": "failed", "statusDetails": {"message": "AssertionError: assert None == True\n +  where None = login('test_user', 'secret_sauce', 'InvalidUsernameValidPassword', 'Epic sadface: Username and password do not match any user in this service')\n +    where login = <PageObjects.HomePage.HomePage1 object at 0x0000026929C83110>.login\n +      where <PageObjects.HomePage.HomePage1 object at 0x0000026929C83110> = HomePage1(<selenium.webdriver.chrome.webdriver.WebDriver (session=\"d77f45d4d4c464b35b013aab10255378\")>)", "trace": "self = <TestScripts.test_login.TestLogin object at 0x000002692999FC50>\nsetup_browser = <selenium.webdriver.chrome.webdriver.WebDriver (session=\"d77f45d4d4c464b35b013aab10255378\")>, username = 'test_user'\npassword = 'secret_sauce', test_type = 'InvalidUsernameValidPassword'\nexpected = 'Epic sadface: Username and password do not match any user in this service'\n\n    @allure.feature(\"Login Feature\")\n    @allure.story(\"Valid Login Test\")\n    @pytest.mark.parametrize(\"username,password,test_type,expected\", login_data)\n    def test_valid_login(self,setup_browser,username,password,test_type,expected):\n            driver = setup_browser\n>           assert HomePage1(driver).login(username, password, test_type,expected) == True\nE           assert None == True\nE            +  where None = login('test_user', 'secret_sauce', 'InvalidUsernameValidPassword', 'Epic sadface: Username and password do not match any user in this service')\nE            +    where login = <PageObjects.HomePage.HomePage1 object at 0x0000026929C83110>.login\nE            +      where <PageObjects.HomePage.HomePage1 object at 0x0000026929C83110> = HomePage1(<selenium.webdriver.chrome.webdriver.WebDriver (session=\"d77f45d4d4c464b35b013aab10255378\")>)\n\nTestScripts\\test_login.py:26: AssertionError"}, "steps": [{"name": "Login with username: 'test_user' and password: 'secret_sauce'", "status": "passed", "steps": [{"name": "Take screenshot and attach to Allure report", "status": "passed", "attachments": [{"name": "InvalidUsernameValidPassword", "source": "67b18907-9db9-42b8-bcbf-7df84a96babf-attachment.png", "type": "image/png"}], "parameters": [{"name": "driver", "value": "<selenium.webdriver.chrome.webdriver.WebDriver (session=\"d77f45d4d4c464b35b013aab10255378\")>"}, {"name": "step_name", "value": "'InvalidUsernameValidPassword'"}], "start": 1754544089825, "stop": 1754544090036}], "parameters": [{"name": "username", "value": "'test_user'"}, {"name": "password", "value": "'secret_sauce'"}, {"name": "test_type", "value": "'InvalidUsernameValidPassword'"}, {"name": "expected", "value": "'Epic sadface: Username and password do not match any user in this service'"}], "start": 1754544089176, "stop": 1754544090036}], "parameters": [{"name": "username", "value": "'test_user'"}, {"name": "password", "value": "'secret_sauce'"}, {"name": "test_type", "value": "'InvalidUsernameValidPassword'"}, {"name": "expected", "value": "'Epic sadface: Username and password do not match any user in this service'"}], "start": 1754544089176, "stop": 1754544090037, "uuid": "3f321a4b-4438-4f77-a3b6-80edf1cc4c45", "historyId": "0291ab38319be760f48d4ec8553aeec0", "testCaseId": "8d14c588829e4629f975430b724820b0", "fullName": "TestScripts.test_login.TestLogin#test_valid_login", "labels": [{"name": "feature", "value": "Login Feature"}, {"name": "story", "value": "Valid Login Test"}, {"name": "parentSuite", "value": "TestScripts"}, {"name": "suite", "value": "test_login"}, {"name": "subSuite", "value": "TestLogin"}, {"name": "host", "value": "DESKTOP-JCSH58D"}, {"name": "thread", "value": "5528-MainThread"}, {"name": "framework", "value": "pytest"}, {"name": "language", "value": "cpython3"}, {"name": "package", "value": "TestScripts.test_login"}], "titlePath": ["TestScripts", "test_login.py", "TestLogin"]}