{"name": "test_valid_login[-secret_sauce-BlankUsernamPassword-Epic sadface: Username is required]", "status": "failed", "statusDetails": {"message": "AssertionError: assert None == True\n +  where None = login('', 'secret_sauce', 'BlankUsernamPassword', 'Epic sadface: Username is required')\n +    where login = <PageObjects.HomePage.HomePage1 object at 0x000001803FC22FD0>.login\n +      where <PageObjects.HomePage.HomePage1 object at 0x000001803FC22FD0> = HomePage1(<selenium.webdriver.chrome.webdriver.WebDriver (session=\"6e64aac93e09086a3040520c99dd2d49\")>)", "trace": "self = <TestScripts.test_login.TestLogin object at 0x000001803FB7BD10>\nsetup_browser = <selenium.webdriver.chrome.webdriver.WebDriver (session=\"6e64aac93e09086a3040520c99dd2d49\")>, username = ''\npassword = 'secret_sauce', test_type = 'BlankUsernamPassword', expected = 'Epic sadface: Username is required'\n\n    @allure.feature(\"Login Feature\")\n    @allure.story(\"Valid Login Test\")\n    @pytest.mark.parametrize(\"username,password,test_type,expected\", login_data)\n    def test_valid_login(self,setup_browser,username,password,test_type,expected):\n            driver = setup_browser\n>           assert HomePage1(driver).login(username, password, test_type,expected) == True\nE           assert None == True\nE            +  where None = login('', 'secret_sauce', 'BlankUsernamPassword', 'Epic sadface: Username is required')\nE            +    where login = <PageObjects.HomePage.HomePage1 object at 0x000001803FC22FD0>.login\nE            +      where <PageObjects.HomePage.HomePage1 object at 0x000001803FC22FD0> = HomePage1(<selenium.webdriver.chrome.webdriver.WebDriver (session=\"6e64aac93e09086a3040520c99dd2d49\")>)\n\nTestScripts\\test_login.py:26: AssertionError"}, "steps": [{"name": "Login with username: '' and password: 'secret_sauce'", "status": "passed", "parameters": [{"name": "username", "value": "''"}, {"name": "password", "value": "'secret_sauce'"}, {"name": "test_type", "value": "'BlankUsernamPassword'"}, {"name": "expected", "value": "'Epic sadface: Username is required'"}], "start": 1754544667823, "stop": 1754544668398}], "parameters": [{"name": "username", "value": "''"}, {"name": "password", "value": "'secret_sauce'"}, {"name": "test_type", "value": "'BlankUsernamPassword'"}, {"name": "expected", "value": "'Epic sadface: Username is required'"}], "start": 1754544667823, "stop": 1754544668398, "uuid": "39e14bd7-49e6-4ac8-8e14-7722219abbcb", "historyId": "9666ac8246c26473329734d7234d76a6", "testCaseId": "8d14c588829e4629f975430b724820b0", "fullName": "TestScripts.test_login.TestLogin#test_valid_login", "labels": [{"name": "story", "value": "Valid Login Test"}, {"name": "feature", "value": "Login Feature"}, {"name": "parentSuite", "value": "TestScripts"}, {"name": "suite", "value": "test_login"}, {"name": "subSuite", "value": "TestLogin"}, {"name": "host", "value": "DESKTOP-JCSH58D"}, {"name": "thread", "value": "12384-MainThread"}, {"name": "framework", "value": "pytest"}, {"name": "language", "value": "cpython3"}, {"name": "package", "value": "TestScripts.test_login"}], "titlePath": ["TestScripts", "test_login.py", "TestLogin"]}