{"name": "test_valid_login[test_user-secret_sauce-InvalidUsernameValidPassword-Epic sadface: Username and password do not match any user in this service]", "status": "failed", "statusDetails": {"message": "AssertionError: assert None == True\n +  where None = login('test_user', 'secret_sauce', 'InvalidUsernameValidPassword', 'Epic sadface: Username and password do not match any user in this service')\n +    where login = <PageObjects.HomePage.HomePage1 object at 0x000001803FBF2710>.login\n +      where <PageObjects.HomePage.HomePage1 object at 0x000001803FBF2710> = HomePage1(<selenium.webdriver.chrome.webdriver.WebDriver (session=\"e105027515329134a4a332b36da3399e\")>)", "trace": "self = <TestScripts.test_login.TestLogin object at 0x000001803F947B10>\nsetup_browser = <selenium.webdriver.chrome.webdriver.WebDriver (session=\"e105027515329134a4a332b36da3399e\")>, username = 'test_user'\npassword = 'secret_sauce', test_type = 'InvalidUsernameValidPassword'\nexpected = 'Epic sadface: Username and password do not match any user in this service'\n\n    @allure.feature(\"Login Feature\")\n    @allure.story(\"Valid Login Test\")\n    @pytest.mark.parametrize(\"username,password,test_type,expected\", login_data)\n    def test_valid_login(self,setup_browser,username,password,test_type,expected):\n            driver = setup_browser\n>           assert HomePage1(driver).login(username, password, test_type,expected) == True\nE           assert None == True\nE            +  where None = login('test_user', 'secret_sauce', 'InvalidUsernameValidPassword', 'Epic sadface: Username and password do not match any user in this service')\nE            +    where login = <PageObjects.HomePage.HomePage1 object at 0x000001803FBF2710>.login\nE            +      where <PageObjects.HomePage.HomePage1 object at 0x000001803FBF2710> = HomePage1(<selenium.webdriver.chrome.webdriver.WebDriver (session=\"e105027515329134a4a332b36da3399e\")>)\n\nTestScripts\\test_login.py:26: AssertionError"}, "steps": [{"name": "Login with username: 'test_user' and password: 'secret_sauce'", "status": "passed", "steps": [{"name": "Take screenshot and attach to Allure report", "status": "passed", "attachments": [{"name": "InvalidUsernameValidPassword", "source": "28f53a60-78cf-4f0b-8b4f-e50e58a7f6c2-attachment.png", "type": "image/png"}], "parameters": [{"name": "driver", "value": "<selenium.webdriver.chrome.webdriver.WebDriver (session=\"e105027515329134a4a332b36da3399e\")>"}, {"name": "step_name", "value": "'InvalidUsernameValidPassword'"}], "start": 1754544634608, "stop": 1754544634758}], "parameters": [{"name": "username", "value": "'test_user'"}, {"name": "password", "value": "'secret_sauce'"}, {"name": "test_type", "value": "'InvalidUsernameValidPassword'"}, {"name": "expected", "value": "'Epic sadface: Username and password do not match any user in this service'"}], "start": 1754544634043, "stop": 1754544634758}], "parameters": [{"name": "username", "value": "'test_user'"}, {"name": "password", "value": "'secret_sauce'"}, {"name": "test_type", "value": "'InvalidUsernameValidPassword'"}, {"name": "expected", "value": "'Epic sadface: Username and password do not match any user in this service'"}], "start": 1754544634042, "stop": 1754544634759, "uuid": "3f5de581-1ec7-47f4-94c8-27feab9b6e77", "historyId": "0291ab38319be760f48d4ec8553aeec0", "testCaseId": "8d14c588829e4629f975430b724820b0", "fullName": "TestScripts.test_login.TestLogin#test_valid_login", "labels": [{"name": "story", "value": "Valid Login Test"}, {"name": "feature", "value": "Login Feature"}, {"name": "parentSuite", "value": "TestScripts"}, {"name": "suite", "value": "test_login"}, {"name": "subSuite", "value": "TestLogin"}, {"name": "host", "value": "DESKTOP-JCSH58D"}, {"name": "thread", "value": "12384-MainThread"}, {"name": "framework", "value": "pytest"}, {"name": "language", "value": "cpython3"}, {"name": "package", "value": "TestScripts.test_login"}], "titlePath": ["TestScripts", "test_login.py", "TestLogin"]}